<?xml version="1.0" encoding="UTF-8"?>
<!-- Generated by org.testng.reporters.JUnitXMLReporter -->
<testsuite ignored="0" hostname="bcedbeeced305226465baaaccbaafebfaone-0" failures="3" tests="3" name="Surefire test" time="23.185" errors="0" timestamp="2023-09-18T21:44:02 UTC">
  <testcase classname="runner.Testcase1" name="TC_001" time="2.104">
    <failure type="java.lang.NoClassDefFoundError" message="utils/excelReadFile$1">
      <![CDATA[java.lang.NoClassDefFoundError: utils/excelReadFile$1
at utils.excelReadFile.getStringCellValue(excelReadFile.java:54)
at utils.excelReadFile.readTestData(excelReadFile.java:23)
at pages.homepage.Valid_Login_TC(homepage.java:65)
at runner.Testcase1.TC_001(Testcase1.java:32)
at java.base/java.util.ArrayList.forEach(ArrayList.java:1541)
Caused by: java.lang.ClassNotFoundException: utils.excelReadFile$1
at java.base/jdk.internal.loader.BuiltinClassLoader.loadClass(BuiltinClassLoader.java:581)
at java.base/jdk.internal.loader.ClassLoaders$AppClassLoader.loadClass(ClassLoaders.java:178)
at java.base/java.lang.ClassLoader.loadClass(ClassLoader.java:527)
... 37 more
... Removed 32 stack frames]]>
    </failure>
  </testcase> <!-- TC_001 -->
  <testcase classname="runner.Testcase1" name="TC_002" time="1.028">
    <failure type="java.lang.NoClassDefFoundError" message="utils/excelReadFile$1">
      <![CDATA[java.lang.NoClassDefFoundError: utils/excelReadFile$1
at utils.excelReadFile.getStringCellValue(excelReadFile.java:54)
at utils.excelReadFile.readTestData(excelReadFile.java:23)
at pages.homepage.Register(homepage.java:78)
at runner.Testcase1.TC_002(Testcase1.java:50)
at java.base/java.util.ArrayList.forEach(ArrayList.java:1541)
... Removed 32 stack frames]]>
    </failure>
  </testcase> <!-- TC_002 -->
  <testcase classname="runner.Testcase1" name="TC_003" time="0.955">
    <failure type="java.lang.NoClassDefFoundError" message="utils/excelReadFile$1">
      <![CDATA[java.lang.NoClassDefFoundError: utils/excelReadFile$1
at utils.excelReadFile.getStringCellValue(excelReadFile.java:54)
at utils.excelReadFile.readTestData(excelReadFile.java:23)
at pages.homepage.Register(homepage.java:78)
at runner.Testcase1.TC_003(Testcase1.java:67)
at java.base/java.util.ArrayList.forEach(ArrayList.java:1541)
... Removed 32 stack frames]]>
    </failure>
  </testcase> <!-- TC_003 -->
</testsuite> <!-- Surefire test -->
